GET /index.php/component/k2/itemlist/user/244460|/component/k2/itemlist/user/244460 HTTP/1.1
GET /index.php/component/k2/itemlist/user/322904|/component/k2/itemlist/user/322904 HTTP/1.1
GET /index.php/component/k2/itemlist/user/348580|/component/k2/itemlist/user/348580 HTTP/1.1
GET /index.php/component/search/?task=user&id=348580|&format=opensearch HTTP/1.1
GET /index.php/component/k2/itemlist/user/348580|?format=feed&type=atom HTTP/1.1
GET /index.php/component/k2/itemlist/user/348580| HTTP/1.1
GET /index.php/component/k2/itemlist/user/348580|?format=feed&type=rss HTTP/1.1
GET /index.php/component/k2/itemlist/user/348580|?format=feed HTTP/1.1
GET /?option=com_k2&view=itemlist&task=user&id=224785|/component/k2/itemlist/user/224785|/index.php/component/k2/itemlist/user/224785 HTTP/1.1
GET /index.php/component/k2/itemlist/user/244492|?format=feed HTTP/1.1
GET /index.php/component/k2/itemlist/user/352733|?format=feed&type=atom HTTP/1.1
GET /?option=com_k2&view=itemlist&task=user&id=225794|/component/k2/itemlist/user/225794|/index.php/component/k2/itemlist/user/225794 HTTP/1.0
GET /index.php/component/k2/itemlist/user/352733|?format=feed HTTP/1.1
GET /index.php/component/search/?task=user&id=352733|&format=opensearch HTTP/1.1
GET /index.php/component/k2/itemlist/user/421997|/component/k2/itemlist/user/421997|/index.php/component/k2/itemlist/user/421997 HTTP/1.0
GET /index.php/component/k2/itemlist/user/421997|/component/k2/itemlist/user/421997|/index.php/component/k2/itemlist/user/421997 HTTP/1.0
GET /index.php/component/k2/itemlist/user/422533|/component/k2/itemlist/user/422533|/index.php/component/k2/itemlist/user/422533 HTTP/1.0
GET /index.php/component/k2/itemlist/user/422533|/component/k2/itemlist/user/422533|/index.php/component/k2/itemlist/user/422533 HTTP/1.0
GET /index.php/component/k2/itemlist/user/421997|/component/k2/itemlist/user/421997|/index.php/component/k2/itemlist/user/421997 HTTP/1.0
GET /index.php/component/k2/itemlist/user/421997|/component/k2/itemlist/user/421997|/index.php/component/k2/itemlist/user/421997 HTTP/1.0
GET /index.php/component/k2/itemlist/user/422533|/component/k2/itemlist/user/422533|/index.php/component/k2/itemlist/user/422533 HTTP/1.0
GET /index.php/component/k2/itemlist/user/421997|/component/k2/itemlist/user/421997|/index.php/component/k2/itemlist/user/421997 HTTP/1.0
GET /index.php/component/k2/itemlist/user/421997|/component/k2/itemlist/user/421997|/index.php/component/k2/itemlist/user/421997 HTTP/1.0
GET /index.php/component/k2/itemlist/user/421997|/component/k2/itemlist/user/421997|/index.php/component/k2/itemlist/user/421997 HTTP/1.0
GET /index.php/component/k2/itemlist/user/422533|/component/k2/itemlist/user/422533|/index.php/component/k2/itemlist/user/422533 HTTP/1.0
GET /index.php/component/k2/itemlist/user/421997|/component/k2/itemlist/user/421997|/index.php/component/k2/itemlist/user/421997 HTTP/1.0
GET /index.php/component/k2/itemlist/user/422533|/component/k2/itemlist/user/422533|/index.php/component/k2/itemlist/user/422533 HTTP/1.0
GET /index.php/component/k2/itemlist/user/421997|/component/k2/itemlist/user/421997|/index.php/component/k2/itemlist/user/421997 HTTP/1.0
GET /index.php/component/k2/itemlist/user/422533|/component/k2/itemlist/user/422533|/index.php/component/k2/itemlist/user/422533 HTTP/1.0
GET /index.php/component/k2/itemlist/user/421997|/component/k2/itemlist/user/421997|/index.php/component/k2/itemlist/user/421997 HTTP/1.0
GET /index.php/component/k2/itemlist/user/421997|/component/k2/itemlist/user/421997|/index.php/component/k2/itemlist/user/421997 HTTP/1.0
GET /index.php/component/k2/itemlist/user/421997|/component/k2/itemlist/user/421997|/index.php/component/k2/itemlist/user/421997 HTTP/1.0
GET /index.php/component/k2/itemlist/user/422533|/component/k2/itemlist/user/422533|/index.php/component/k2/itemlist/user/422533 HTTP/1.0
GET /index.php/component/k2/itemlist/user/421997|/component/k2/itemlist/user/421997|/index.php/component/k2/itemlist/user/421997 HTTP/1.0
GET /index.php/component/k2/itemlist/user/422533|/component/k2/itemlist/user/422533|/index.php/component/k2/itemlist/user/422533 HTTP/1.0
GET /index.php/component/k2/itemlist/user/421997|/component/k2/itemlist/user/421997|/index.php/component/k2/itemlist/user/421997 HTTP/1.0
GET /index.php/component/k2/itemlist/user/422533|/component/k2/itemlist/user/422533|/index.php/component/k2/itemlist/user/422533 HTTP/1.0
GET /index.php/component/k2/itemlist/user/422533|/component/k2/itemlist/user/422533|/index.php/component/k2/itemlist/user/422533 HTTP/1.0
GET /index.php/component/k2/itemlist/user/422533|/component/k2/itemlist/user/422533|/index.php/component/k2/itemlist/user/422533 HTTP/1.0
GET /index.php/component/k2/itemlist/user/422533|/component/k2/itemlist/user/422533|/index.php/component/k2/itemlist/user/422533 HTTP/1.0
GET /index.php/component/k2/itemlist/user/421997|/component/k2/itemlist/user/421997|/index.php/component/k2/itemlist/user/421997 HTTP/1.0
GET /index.php/component/k2/itemlist/user/422533|/component/k2/itemlist/user/422533|/index.php/component/k2/itemlist/user/422533 HTTP/1.0
GET /index.php/component/k2/itemlist/user/422533|/component/k2/itemlist/user/422533|/index.php/component/k2/itemlist/user/422533 HTTP/1.0
GET /index.php/component/k2/itemlist/user/422533|/component/k2/itemlist/user/422533|/index.php/component/k2/itemlist/user/422533 HTTP/1.0
GET /index.php/component/k2/itemlist/user/282764|/component/k2/itemlist/user/282764 HTTP/1.1
GET /index.php/component/k2/itemlist/user/421997|/component/k2/itemlist/user/421997|/index.php/component/k2/itemlist/user/421997 HTTP/1.0
GET /index.php/component/k2/itemlist/user/421997|/component/k2/itemlist/user/421997|/index.php/component/k2/itemlist/user/421997 HTTP/1.0
GET /index.php/component/k2/itemlist/user/422533|/component/k2/itemlist/user/422533|/index.php/component/k2/itemlist/user/422533 HTTP/1.0
GET /index.php/component/k2/itemlist/user/422533|/component/k2/itemlist/user/422533|/index.php/component/k2/itemlist/user/422533 HTTP/1.0
GET /?option=com_k2&view=itemlist&task=user&id=224785|/component/k2/itemlist/user/224785|/index.php/component/k2/itemlist/user/224785 HTTP/1.1
GET /index.php/component/k2/itemlist/user/421997|/component/k2/itemlist/user/421997|/index.php/component/k2/itemlist/user/421997 HTTP/1.0
GET /index.php/component/k2/itemlist/user/422533|/component/k2/itemlist/user/422533|/index.php/component/k2/itemlist/user/422533 HTTP/1.0
GET /index.php/component/k2/itemlist/user/421997|/component/k2/itemlist/user/421997|/index.php/component/k2/itemlist/user/421997 HTTP/1.0
GET /index.php/component/k2/itemlist/user/421997|/component/k2/itemlist/user/421997|/index.php/component/k2/itemlist/user/421997 HTTP/1.0
GET /index.php/component/k2/itemlist/user/422533|/component/k2/itemlist/user/422533|/index.php/component/k2/itemlist/user/422533 HTTP/1.0
GET /index.php/component/k2/itemlist/user/422533|/component/k2/itemlist/user/422533|/index.php/component/k2/itemlist/user/422533 HTTP/1.0
GET /index.php/component/k2/itemlist/user/421997|/component/k2/itemlist/user/421997|/index.php/component/k2/itemlist/user/421997 HTTP/1.0
GET /index.php/component/k2/itemlist/user/421997|/component/k2/itemlist/user/421997|/index.php/component/k2/itemlist/user/421997 HTTP/1.0
GET /index.php/component/k2/itemlist/user/421997|/component/k2/itemlist/user/421997|/index.php/component/k2/itemlist/user/421997 HTTP/1.0
GET /index.php/component/k2/itemlist/user/422533|/component/k2/itemlist/user/422533|/index.php/component/k2/itemlist/user/422533 HTTP/1.0
GET /index.php/component/k2/itemlist/user/421997|/component/k2/itemlist/user/421997|/index.php/component/k2/itemlist/user/421997 HTTP/1.0
GET /index.php/component/k2/itemlist/user/422533|/component/k2/itemlist/user/422533|/index.php/component/k2/itemlist/user/422533 HTTP/1.0
GET /index.php/component/k2/itemlist/user/421997|/component/k2/itemlist/user/421997|/index.php/component/k2/itemlist/user/421997 HTTP/1.0
GET /index.php/component/k2/itemlist/user/422533|/component/k2/itemlist/user/422533|/index.php/component/k2/itemlist/user/422533 HTTP/1.0
GET /index.php/component/k2/itemlist/user/422533|/component/k2/itemlist/user/422533|/index.php/component/k2/itemlist/user/422533 HTTP/1.0
GET /index.php/component/k2/itemlist/user/422533|/component/k2/itemlist/user/422533|/index.php/component/k2/itemlist/user/422533 HTTP/1.0
GET /index.php/component/k2/itemlist/user/309640|/component/k2/itemlist/user/309640 HTTP/1.0
GET /index.php/component/k2/itemlist/user/421997|/component/k2/itemlist/user/421997|/index.php/component/k2/itemlist/user/421997 HTTP/1.0
GET /index.php/component/k2/itemlist/user/421997|/component/k2/itemlist/user/421997|/index.php/component/k2/itemlist/user/421997 HTTP/1.0
GET /index.php/component/k2/itemlist/user/421997|/component/k2/itemlist/user/421997|/index.php/component/k2/itemlist/user/421997 HTTP/1.0
GET /index.php/component/k2/itemlist/user/421997|/component/k2/itemlist/user/421997|/index.php/component/k2/itemlist/user/421997 HTTP/1.0
GET /index.php/component/k2/itemlist/user/421997|/component/k2/itemlist/user/421997|/index.php/component/k2/itemlist/user/421997 HTTP/1.0
GET /index.php/component/k2/itemlist/user/422533|/component/k2/itemlist/user/422533|/index.php/component/k2/itemlist/user/422533 HTTP/1.0
GET /index.php/component/k2/itemlist/user/422533|/component/k2/itemlist/user/422533|/index.php/component/k2/itemlist/user/422533 HTTP/1.0
GET /index.php/component/k2/itemlist/user/421997|/component/k2/itemlist/user/421997|/index.php/component/k2/itemlist/user/421997 HTTP/1.0
GET /index.php/component/k2/itemlist/user/422533|/component/k2/itemlist/user/422533|/index.php/component/k2/itemlist/user/422533 HTTP/1.0
GET /index.php/component/k2/itemlist/user/421997|/component/k2/itemlist/user/421997|/index.php/component/k2/itemlist/user/421997 HTTP/1.0
GET /index.php/component/k2/itemlist/user/422533|/component/k2/itemlist/user/422533|/index.php/component/k2/itemlist/user/422533 HTTP/1.0
GET /index.php/component/k2/itemlist/user/422533|/component/k2/itemlist/user/422533|/index.php/component/k2/itemlist/user/422533 HTTP/1.0
GET /index.php/component/k2/itemlist/user/422533|/component/k2/itemlist/user/422533|/index.php/component/k2/itemlist/user/422533 HTTP/1.0
GET /index.php/component/k2/itemlist/user/421997|/component/k2/itemlist/user/421997|/index.php/component/k2/itemlist/user/421997 HTTP/1.0
GET /index.php/component/k2/itemlist/user/421997|/component/k2/itemlist/user/421997|/index.php/component/k2/itemlist/user/421997 HTTP/1.0
GET /index.php/component/k2/itemlist/user/422533|/component/k2/itemlist/user/422533|/index.php/component/k2/itemlist/user/422533 HTTP/1.0
GET /index.php/component/k2/itemlist/user/422533|/component/k2/itemlist/user/422533|/index.php/component/k2/itemlist/user/422533 HTTP/1.0
GET /index.php/component/k2/itemlist/user/422533|/component/k2/itemlist/user/422533|/index.php/component/k2/itemlist/user/422533 HTTP/1.0
GET /index.php/component/k2/itemlist/user/422533|/component/k2/itemlist/user/422533|/index.php/component/k2/itemlist/user/422533 HTTP/1.0
GET /index.php/component/k2/itemlist/user/422533|/component/k2/itemlist/user/422533|/index.php/component/k2/itemlist/user/422533 HTTP/1.0
GET /index.php/component/k2/itemlist/user/422533|/component/k2/itemlist/user/422533|/index.php/component/k2/itemlist/user/422533 HTTP/1.0
GET /index.php/component/k2/itemlist/user/422533|/component/k2/itemlist/user/422533|/index.php/component/k2/itemlist/user/422533 HTTP/1.0
GET /index.php/component/k2/itemlist/user/420230|/component/k2/itemlist/user/420230|/index.php/component/k2/itemlist/user/420230 HTTP/1.0
GET /index.php/component/k2/itemlist/user/422533|/component/k2/itemlist/user/422533|/index.php/component/k2/itemlist/user/422533 HTTP/1.0
GET /index.php/component/k2/itemlist/user/421997|/component/k2/itemlist/user/421997|/index.php/component/k2/itemlist/user/421997 HTTP/1.0
GET /index.php/component/k2/itemlist/user/422533|/component/k2/itemlist/user/422533|/index.php/component/k2/itemlist/user/422533 HTTP/1.0
GET /index.php/component/k2/itemlist/user/421997|/component/k2/itemlist/user/421997|/index.php/component/k2/itemlist/user/421997 HTTP/1.0
GET /index.php/component/k2/itemlist/user/421997|/component/k2/itemlist/user/421997|/index.php/component/k2/itemlist/user/421997 HTTP/1.0
GET /index.php/component/k2/itemlist/user/422533|/component/k2/itemlist/user/422533|/index.php/component/k2/itemlist/user/422533 HTTP/1.0
GET /index.php/component/k2/itemlist/user/421997|/component/k2/itemlist/user/421997|/index.php/component/k2/itemlist/user/421997 HTTP/1.0
GET /index.php/component/k2/itemlist/user/422533|/component/k2/itemlist/user/422533|/index.php/component/k2/itemlist/user/422533 HTTP/1.0
GET /index.php/component/k2/itemlist/user/421997|/component/k2/itemlist/user/421997|/index.php/component/k2/itemlist/user/421997 HTTP/1.0
GET /index.php/component/k2/itemlist/user/309640|/component/k2/itemlist/user/309640 HTTP/1.0
GET /index.php/component/k2/itemlist/user/421997|/component/k2/itemlist/user/421997|/index.php/component/k2/itemlist/user/421997 HTTP/1.0
GET /index.php/component/k2/itemlist/user/421997|/component/k2/itemlist/user/421997|/index.php/component/k2/itemlist/user/421997 HTTP/1.0
GET /index.php/component/k2/itemlist/user/422533|/component/k2/itemlist/user/422533|/index.php/component/k2/itemlist/user/422533 HTTP/1.0
GET /index.php/component/k2/itemlist/user/421997|/component/k2/itemlist/user/421997|/index.php/component/k2/itemlist/user/421997 HTTP/1.0
GET /index.php/component/k2/itemlist/user/421997|/component/k2/itemlist/user/421997|/index.php/component/k2/itemlist/user/421997 HTTP/1.0
GET /index.php/component/k2/itemlist/user/422533|/component/k2/itemlist/user/422533|/index.php/component/k2/itemlist/user/422533 HTTP/1.0
GET /index.php/component/k2/itemlist/user/422533|/component/k2/itemlist/user/422533|/index.php/component/k2/itemlist/user/422533 HTTP/1.0
GET /index.php/component/k2/itemlist/user/421997|/component/k2/itemlist/user/421997|/index.php/component/k2/itemlist/user/421997 HTTP/1.0
GET /index.php/component/k2/itemlist/user/421997|/component/k2/itemlist/user/421997|/index.php/component/k2/itemlist/user/421997 HTTP/1.0
GET /index.php/component/k2/itemlist/user/422533|/component/k2/itemlist/user/422533|/index.php/component/k2/itemlist/user/422533 HTTP/1.0
GET /index.php/component/k2/itemlist/user/421997|/component/k2/itemlist/user/421997|/index.php/component/k2/itemlist/user/421997 HTTP/1.0
GET /index.php/component/k2/itemlist/user/421997|/component/k2/itemlist/user/421997|/index.php/component/k2/itemlist/user/421997 HTTP/1.0
GET /index.php/component/k2/itemlist/user/421997|/component/k2/itemlist/user/421997|/index.php/component/k2/itemlist/user/421997 HTTP/1.0
GET /index.php/component/k2/itemlist/user/422533|/component/k2/itemlist/user/422533|/index.php/component/k2/itemlist/user/422533 HTTP/1.0
GET /index.php/component/k2/itemlist/user/422533|/component/k2/itemlist/user/422533|/index.php/component/k2/itemlist/user/422533 HTTP/1.0
GET /index.php/component/k2/itemlist/user/422533|/component/k2/itemlist/user/422533|/index.php/component/k2/itemlist/user/422533 HTTP/1.0
GET /index.php/component/k2/itemlist/user/422533|/component/k2/itemlist/user/422533|/index.php/component/k2/itemlist/user/422533 HTTP/1.0
GET /index.php/component/k2/itemlist/user/244488|/component/k2/itemlist/user/244488 HTTP/1.1
GET /?option=com_k2&view=itemlist&task=user&id=225794|/component/k2/itemlist/user/225794|/index.php/component/k2/itemlist/user/225794 HTTP/1.1
GET /index.php/component/k2/itemlist/user/279931|/component/k2/itemlist/user/279931 HTTP/1.1
GET /index.php/component/search/?task=user&id=332237|&format=opensearch HTTP/1.1
GET /?option=com_k2&view=itemlist&task=user&id=225794|/component/k2/itemlist/user/225794|/index.php/component/k2/itemlist/user/225794 HTTP/1.1
GET /?option=com_k2&view=itemlist&task=user&id=451319|/component/k2/itemlist/user/451319|/index.php/component/k2/itemlist/user/451319 HTTP/1.1
GET /index.php/component/k2/itemlist/user/451319|/component/k2/itemlist/user/451319|/index.php/component/k2/itemlist/user/451319 HTTP/1.1
GET /?option=com_k2&view=itemlist&task=user&id=451337|/component/k2/itemlist/user/451337|/index.php/component/k2/itemlist/user/451337 HTTP/1.1
GET /index.php/component/k2/itemlist/user/451337|/component/k2/itemlist/user/451337|/index.php/component/k2/itemlist/user/451337 HTTP/1.1
GET /?option=com_k2&view=itemlist&task=user&id=451348|/component/k2/itemlist/user/451348|/index.php/component/k2/itemlist/user/451348 HTTP/1.1
GET /index.php/component/k2/itemlist/user/451348|/component/k2/itemlist/user/451348|/index.php/component/k2/itemlist/user/451348 HTTP/1.1
GET /?option=com_k2&view=itemlist&task=user&id=451357|/component/k2/itemlist/user/451357|/index.php/component/k2/itemlist/user/451357 HTTP/1.1
GET /index.php/component/k2/itemlist/user/451357|/component/k2/itemlist/user/451357|/index.php/component/k2/itemlist/user/451357 HTTP/1.1
GET /?option=com_k2&view=itemlist&task=user&id=451342|/component/k2/itemlist/user/451342|/index.php/component/k2/itemlist/user/451342 HTTP/1.1
GET /index.php/component/k2/itemlist/user/451342|/component/k2/itemlist/user/451342|/index.php/component/k2/itemlist/user/451342 HTTP/1.1
GET /?option=com_k2&view=itemlist&task=user&id=451344|/component/k2/itemlist/user/451344|/index.php/component/k2/itemlist/user/451344 HTTP/1.1
GET /index.php/component/k2/itemlist/user/451344|/component/k2/itemlist/user/451344|/index.php/component/k2/itemlist/user/451344 HTTP/1.1
GET /?option=com_k2&view=itemlist&task=user&id=451363|/component/k2/itemlist/user/451363|/index.php/component/k2/itemlist/user/451363 HTTP/1.1
GET /index.php/component/k2/itemlist/user/451363|/component/k2/itemlist/user/451363|/index.php/component/k2/itemlist/user/451363 HTTP/1.1
GET /?option=com_k2&view=itemlist&task=user&id=451360|/component/k2/itemlist/user/451360|/index.php/component/k2/itemlist/user/451360 HTTP/1.1
GET /index.php/component/k2/itemlist/user/451360|/component/k2/itemlist/user/451360|/index.php/component/k2/itemlist/user/451360 HTTP/1.1
GET /?option=com_k2&view=itemlist&task=user&id=451364|/component/k2/itemlist/user/451364|/index.php/component/k2/itemlist/user/451364 HTTP/1.1
GET /index.php/component/k2/itemlist/user/451364|/component/k2/itemlist/user/451364|/index.php/component/k2/itemlist/user/451364 HTTP/1.1
GET /?option=com_k2&view=itemlist&task=user&id=451395|/component/k2/itemlist/user/451395|/index.php/component/k2/itemlist/user/451395 HTTP/1.1
GET /index.php/component/k2/itemlist/user/451395|/component/k2/itemlist/user/451395|/index.php/component/k2/itemlist/user/451395 HTTP/1.1
GET /?option=com_k2&view=itemlist&task=user&id=451427|/component/k2/itemlist/user/451427|/index.php/component/k2/itemlist/user/451427 HTTP/1.1
GET /index.php/component/k2/itemlist/user/451427|/component/k2/itemlist/user/451427|/index.php/component/k2/itemlist/user/451427 HTTP/1.1
GET /?option=com_k2&view=itemlist&task=user&id=451447|/component/k2/itemlist/user/451447|/index.php/component/k2/itemlist/user/451447 HTTP/1.1
GET /index.php/component/k2/itemlist/user/451447|/component/k2/itemlist/user/451447|/index.php/component/k2/itemlist/user/451447 HTTP/1.1
GET /?option=com_k2&view=itemlist&task=user&id=451422|/component/k2/itemlist/user/451422|/index.php/component/k2/itemlist/user/451422 HTTP/1.1
GET /index.php/component/k2/itemlist/user/451422|/component/k2/itemlist/user/451422|/index.php/component/k2/itemlist/user/451422 HTTP/1.1
GET /?option=com_k2&view=itemlist&task=user&id=451465|/component/k2/itemlist/user/451465|/index.php/component/k2/itemlist/user/451465 HTTP/1.1
GET /index.php/component/k2/itemlist/user/451465|/component/k2/itemlist/user/451465|/index.php/component/k2/itemlist/user/451465 HTTP/1.1
GET /?option=com_k2&view=itemlist&task=user&id=451493|/component/k2/itemlist/user/451493|/index.php/component/k2/itemlist/user/451493 HTTP/1.1
GET /index.php/component/k2/itemlist/user/451493|/component/k2/itemlist/user/451493|/index.php/component/k2/itemlist/user/451493 HTTP/1.1
GET /?option=com_k2&view=itemlist&task=user&id=451511|/component/k2/itemlist/user/451511|/index.php/component/k2/itemlist/user/451511 HTTP/1.1
GET /index.php/component/k2/itemlist/user/451511|/component/k2/itemlist/user/451511|/index.php/component/k2/itemlist/user/451511 HTTP/1.1
GET /?option=com_k2&view=itemlist&task=user&id=451516|/component/k2/itemlist/user/451516|/index.php/component/k2/itemlist/user/451516 HTTP/1.1
GET /index.php/component/k2/itemlist/user/451516|/component/k2/itemlist/user/451516|/index.php/component/k2/itemlist/user/451516 HTTP/1.1
GET /?option=com_k2&view=itemlist&task=user&id=451510|/component/k2/itemlist/user/451510|/index.php/component/k2/itemlist/user/451510 HTTP/1.1
GET /index.php/component/k2/itemlist/user/451510|/component/k2/itemlist/user/451510|/index.php/component/k2/itemlist/user/451510 HTTP/1.1
GET /?option=com_k2&view=itemlist&task=user&id=451472|/component/k2/itemlist/user/451472|/index.php/component/k2/itemlist/user/451472 HTTP/1.1
GET /index.php/component/k2/itemlist/user/451472|/component/k2/itemlist/user/451472|/index.php/component/k2/itemlist/user/451472 HTTP/1.1
GET /?option=com_k2&view=itemlist&task=user&id=451507|/component/k2/itemlist/user/451507|/index.php/component/k2/itemlist/user/451507 HTTP/1.1
GET /index.php/component/k2/itemlist/user/451507|/component/k2/itemlist/user/451507|/index.php/component/k2/itemlist/user/451507 HTTP/1.1
GET /?option=com_k2&view=itemlist&task=user&id=451522|/component/k2/itemlist/user/451522|/index.php/component/k2/itemlist/user/451522 HTTP/1.1
GET /index.php/component/k2/itemlist/user/451522|/component/k2/itemlist/user/451522|/index.php/component/k2/itemlist/user/451522 HTTP/1.1
GET /?option=com_k2&view=itemlist&task=user&id=451529|/component/k2/itemlist/user/451529|/index.php/component/k2/itemlist/user/451529 HTTP/1.1
GET /index.php/component/k2/itemlist/user/451529|/component/k2/itemlist/user/451529|/index.php/component/k2/itemlist/user/451529 HTTP/1.1
GET /?option=com_k2&view=itemlist&task=user&id=451534|/component/k2/itemlist/user/451534|/index.php/component/k2/itemlist/user/451534 HTTP/1.1
GET /index.php/component/k2/itemlist/user/451534|/component/k2/itemlist/user/451534|/index.php/component/k2/itemlist/user/451534 HTTP/1.1
GET /?option=com_k2&view=itemlist&task=user&id=451538|/component/k2/itemlist/user/451538|/index.php/component/k2/itemlist/user/451538 HTTP/1.1
GET /index.php/component/k2/itemlist/user/451538|/component/k2/itemlist/user/451538|/index.php/component/k2/itemlist/user/451538 HTTP/1.1
GET /?option=com_k2&view=itemlist&task=user&id=451535|/component/k2/itemlist/user/451535|/index.php/component/k2/itemlist/user/451535 HTTP/1.1
GET /index.php/component/k2/itemlist/user/451535|/component/k2/itemlist/user/451535|/index.php/component/k2/itemlist/user/451535 HTTP/1.1
GET /?option=com_k2&view=itemlist&task=user&id=451555|/component/k2/itemlist/user/451555|/index.php/component/k2/itemlist/user/451555 HTTP/1.1
GET /index.php/component/k2/itemlist/user/451555|/component/k2/itemlist/user/451555|/index.php/component/k2/itemlist/user/451555 HTTP/1.1
GET /?option=com_k2&view=itemlist&task=user&id=451568|/component/k2/itemlist/user/451568|/index.php/component/k2/itemlist/user/451568 HTTP/1.1
GET /index.php/component/k2/itemlist/user/451568|/component/k2/itemlist/user/451568|/index.php/component/k2/itemlist/user/451568 HTTP/1.1
GET /?option=com_k2&view=itemlist&task=user&id=451577|/component/k2/itemlist/user/451577|/index.php/component/k2/itemlist/user/451577 HTTP/1.1
GET /index.php/component/k2/itemlist/user/451577|/component/k2/itemlist/user/451577|/index.php/component/k2/itemlist/user/451577 HTTP/1.1
GET /index.php/component/k2/itemlist/user/451364|/component/k2/itemlist/user/451364|/index.php/component/k2/itemlist/user/451364 HTTP/1.1
GET /index.php/component/k2/itemlist/user/451395|/component/k2/itemlist/user/451395|/index.php/component/k2/itemlist/user/451395 HTTP/1.1
GET /index.php/component/k2/itemlist/user/451360|/component/k2/itemlist/user/451360|/index.php/component/k2/itemlist/user/451360 HTTP/1.1
GET /index.php/component/k2/itemlist/user/451422|/component/k2/itemlist/user/451422|/index.php/component/k2/itemlist/user/451422 HTTP/1.1
GET /index.php/component/k2/itemlist/user/451538|/component/k2/itemlist/user/451538|/index.php/component/k2/itemlist/user/451538 HTTP/1.1
GET /index.php?option=com_k2&btag=28721|DF2712CA043F4D989909E850641EB930&view=itemlist&task=user&id=340713 HTTP/1.1
GET /index.php?option=com_k2&btag=28721|5E0D60551C964040937822C34DCB1DC3&view=itemlist&task=user&id=336657 HTTP/1.1
GET /index.php/component/k2/itemlist/user/349130|/component/k2/itemlist/user/349130 HTTP/1.0
GET /index.php/component/k2/itemlist/user/345368|/component/k2/itemlist/user/345368 HTTP/1.0
GET /index.php/component/k2/itemlist/user/282764|/component/k2/itemlist/user/282764 HTTP/1.0
GET /index.php/component/k2/itemlist/user/373316|/component/k2/itemlist/user/373316 HTTP/1.0
GET /index.php/component/k2/itemlist/user/330532|/component/k2/itemlist/user/330532 HTTP/1.0
GET /index.php/component/k2/itemlist/user/325912|/component/k2/itemlist/user/325912 HTTP/1.0
GET /index.php/component/k2/itemlist/user/349374|/component/k2/itemlist/user/349374 HTTP/1.0
GET /index.php/component/k2/itemlist/user/341254|/component/k2/itemlist/user/341254 HTTP/1.0
GET /index.php?option=com_k2&btag=28721|EDD5C478B21441C8924F8E124053B3AF&view=itemlist&task=user&id=260458 HTTP/1.1
GET /index.php/component/k2/itemlist/user/340491|/component/k2/itemlist/user/340491 HTTP/1.0
GET /index.php/component/k2/itemlist/user/348649|/component/k2/itemlist/user/348649 HTTP/1.0
GET /index.php/component/k2/itemlist/user/359348|/component/k2/itemlist/user/359348 HTTP/1.0
GET /index.php/component/k2/itemlist/user/350873|/component/k2/itemlist/user/350873 HTTP/1.0
GET /index.php/component/k2/itemlist/user/349877|/component/k2/itemlist/user/349877 HTTP/1.0
GET /index.php/component/k2/itemlist/user/373316|/component/k2/itemlist/user/373316 HTTP/1.0
GET /index.php/component/k2/itemlist/user/328387|/component/k2/itemlist/user/328387 HTTP/1.0
GET /index.php/component/k2/itemlist/user/344221|/component/k2/itemlist/user/344221 HTTP/1.0
GET /index.php/component/k2/itemlist/user/345796|/component/k2/itemlist/user/345796 HTTP/1.0
GET /index.php/component/k2/itemlist/user/340491|/component/k2/itemlist/user/340491 HTTP/1.0
GET /index.php/component/k2/itemlist/user/348580|/component/k2/itemlist/user/348580 HTTP/1.0
GET /index.php/component/k2/itemlist/user/343073|/component/k2/itemlist/user/343073 HTTP/1.0
GET /index.php/component/k2/itemlist/user/373316|/component/k2/itemlist/user/373316 HTTP/1.0
GET /index.php/component/k2/itemlist/user/368937|/component/k2/itemlist/user/368937 HTTP/1.0
GET /index.php/component/k2/itemlist/user/332237|/component/k2/itemlist/user/332237 HTTP/1.0
GET /index.php/component/k2/itemlist/user/361349|/component/k2/itemlist/user/361349 HTTP/1.0
GET /index.php/component/k2/itemlist/user/348649|/component/k2/itemlist/user/348649 HTTP/1.0
GET /index.php/component/k2/itemlist/user/345796|/component/k2/itemlist/user/345796 HTTP/1.0
GET /index.php/component/k2/itemlist/user/354957|/component/k2/itemlist/user/354957 HTTP/1.0
GET /index.php/component/k2/itemlist/user/350873|/component/k2/itemlist/user/350873 HTTP/1.0
GET /index.php/component/k2/itemlist/user/331963|/component/k2/itemlist/user/331963 HTTP/1.0
GET /index.php/component/k2/itemlist/user/348649|/component/k2/itemlist/user/348649 HTTP/1.0
GET /index.php/component/k2/itemlist/user/364230|/component/k2/itemlist/user/364230 HTTP/1.0
GET /index.php/component/k2/itemlist/user/345796|/component/k2/itemlist/user/345796 HTTP/1.0
GET /index.php/component/k2/itemlist/user/350873|/component/k2/itemlist/user/350873 HTTP/1.0
GET /index.php/component/k2/itemlist/user/345796|/component/k2/itemlist/user/345796 HTTP/1.0
GET /index.php/component/k2/itemlist/user/350873|/component/k2/itemlist/user/350873 HTTP/1.0
GET /index.php/component/k2/itemlist/user/331963|/component/k2/itemlist/user/331963 HTTP/1.0
GET /index.php/component/k2/itemlist/user/340491|/component/k2/itemlist/user/340491 HTTP/1.0
GET /index.php/component/k2/itemlist/user/348649|/component/k2/itemlist/user/348649 HTTP/1.0
GET /index.php/component/k2/itemlist/user/331963|/component/k2/itemlist/user/331963 HTTP/1.0
GET /index.php/component/k2/itemlist/user/349374|/component/k2/itemlist/user/349374 HTTP/1.0
GET /index.php/component/k2/itemlist/user/364230|/component/k2/itemlist/user/364230 HTTP/1.0
GET /index.php?option=com_k2&btag=28721|A71926AD07DC42D2BE6C75A828F46D28&view=itemlist&task=user&id=236221 HTTP/1.1
GET /index.php/component/k2/itemlist/user/364230|/component/k2/itemlist/user/364230 HTTP/1.0
GET /index.php/component/k2/itemlist/user/350873|/component/k2/itemlist/user/350873 HTTP/1.0
GET /index.php/component/k2/itemlist/user/348649|/component/k2/itemlist/user/348649 HTTP/1.0
GET /index.php?option=com_k2&btag=28721|953BB0C747E04287B89A356A89263B0D&view=itemlist&task=user&id=236111 HTTP/1.1
GET /?option=com_k2&view=itemlist&task=user&id=460474|/component/k2/itemlist/user/460474 HTTP/1.0
GET /index.php/component/k2/itemlist/user/460474|/component/k2/itemlist/user/460474 HTTP/1.0
GET /index.php/component/k2/itemlist/user/364230|/component/k2/itemlist/user/364230 HTTP/1.0
GET /?option=com_k2&view=itemlist&task=user&id=460566|/component/k2/itemlist/user/460566 HTTP/1.0
GET /index.php/component/k2/itemlist/user/460566|/component/k2/itemlist/user/460566 HTTP/1.0
GET /index.php/component/k2/itemlist/user/354957|/component/k2/itemlist/user/354957 HTTP/1.0
GET /index.php/component/k2/itemlist/user/348649|/component/k2/itemlist/user/348649 HTTP/1.0
GET /index.php/component/k2/itemlist/user/350873|/component/k2/itemlist/user/350873 HTTP/1.0
GET /?option=com_k2&view=itemlist&task=user&id=461233|/component/k2/itemlist/user/461233 HTTP/1.0
GET /index.php/component/k2/itemlist/user/461233|/component/k2/itemlist/user/461233 HTTP/1.0
GET /index.php/component/k2/itemlist/user/354957|/component/k2/itemlist/user/354957 HTTP/1.0
GET /index.php/component/k2/itemlist/user/331963|/component/k2/itemlist/user/331963 HTTP/1.0
GET /index.php/component/k2/itemlist/user/350873|/component/k2/itemlist/user/350873 HTTP/1.0
GET /index.php/component/k2/itemlist/user/332237|?format=feed HTTP/1.1
GET /index.php/component/k2/itemlist/user/331963|/component/k2/itemlist/user/331963 HTTP/1.0
GET /index.php/component/k2/itemlist/user/350873|/component/k2/itemlist/user/350873 HTTP/1.0
GET /index.php/component/k2/itemlist/user/350873|/component/k2/itemlist/user/350873 HTTP/1.0
GET /index.php/component/k2/itemlist/user/331963|/component/k2/itemlist/user/331963 HTTP/1.0
GET /index.php/component/k2/itemlist/user/350873|/component/k2/itemlist/user/350873 HTTP/1.0
GET /index.php/component/k2/itemlist/user/352733|/component/k2/itemlist/user/352733 HTTP/1.1
GET /index.php/component/k2/itemlist/user/331963|/component/k2/itemlist/user/331963 HTTP/1.0
GET /?option=com_k2&view=itemlist&task=user&id=464011|/component/k2/itemlist/user/464011 HTTP/1.0
GET /index.php/component/k2/itemlist/user/464011|/component/k2/itemlist/user/464011 HTTP/1.0
GET /?option=com_k2&view=itemlist&task=user&id=464253|/component/k2/itemlist/user/464253 HTTP/1.0
GET /index.php/component/k2/itemlist/user/464253|/component/k2/itemlist/user/464253 HTTP/1.0
GET /?option=com_k2&view=itemlist&task=user&id=463282|/component/k2/itemlist/user/463282|/index.php/component/k2/itemlist/user/463282 HTTP/1.1
GET /index.php/component/k2/itemlist/user/463282|/component/k2/itemlist/user/463282|/index.php/component/k2/itemlist/user/463282 HTTP/1.1
GET /?option=com_k2&view=itemlist&task=user&id=225794|/component/k2/itemlist/user/225794|/index.php/component/k2/itemlist/user/225794 HTTP/1.1
GET /?option=com_k2&view=itemlist&task=user&id=466133|/component/k2/itemlist/user/466133 HTTP/1.0
GET /index.php/component/k2/itemlist/user/466133|/component/k2/itemlist/user/466133 HTTP/1.0
GET /?option=com_k2&view=itemlist&task=user&id=224785|/component/k2/itemlist/user/224785|/index.php/component/k2/itemlist/user/224785 HTTP/1.1
GET /index.php/component/k2/itemlist/user/244494|/component/k2/itemlist/user/244494 HTTP/1.1
GET /wp-includes/js/jquery/)},clone:function(a,b,c){var d,e,f,g,h,i=n.contains(a.ownerDocument,a);if(l.html5Clone||n.isXMLDoc(a)||!ua.test( HTTP/1.1
GET /wp-includes/js/jquery/==typeof a&&!wa.test(a)&&(l.htmlSerialize||!ua.test(a))&&(l.leadingWhitespace||!aa.test(a))&&!da[($.exec(a)||[ HTTP/1.1
GET /wp-includes/js/jquery/])[1].toLowerCase(),m=da[j]||da._default,i.innerHTML=m[1]+n.htmlPrefilter(g)+m[2],f=m[0];while(f--)i=i.lastChild;if(!l.leadingWhitespace&&aa.test(g)&&q.push(b.createTextNode(aa.exec(g)[0])),!l.tbody){g= HTTP/1.1
GET /?option=com_k2&view=itemlist&task=user&id=224785|/component/k2/itemlist/user/224785|/index.php/component/k2/itemlist/user/224785 HTTP/1.1
GET /index.php/component/k2/itemlist/user/244460|/component/k2/itemlist/user/244460 HTTP/1.1
GET /wp-includes/js/jquery/)},clone:function(a,b,c){var d,e,f,g,h,i=n.contains(a.ownerDocument,a);if(l.html5Clone||n.isXMLDoc(a)||!ua.test( HTTP/1.1
GET /wp-includes/js/jquery/==typeof a&&!wa.test(a)&&(l.htmlSerialize||!ua.test(a))&&(l.leadingWhitespace||!aa.test(a))&&!da[($.exec(a)||[ HTTP/1.1
GET /wp-includes/js/jquery/])[1].toLowerCase(),m=da[j]||da._default,i.innerHTML=m[1]+n.htmlPrefilter(g)+m[2],f=m[0];while(f--)i=i.lastChild;if(!l.leadingWhitespace&&aa.test(g)&&q.push(b.createTextNode(aa.exec(g)[0])),!l.tbody){g= HTTP/1.1
GET /index.php/component/k2/itemlist/user/507859|?format=feed HTTP/1.1
GET /wp-includes/js/jquery/)},clone:function(a,b,c){var d,e,f,g,h,i=n.contains(a.ownerDocument,a);if(l.html5Clone||n.isXMLDoc(a)||!ua.test( HTTP/1.1
GET /wp-includes/js/jquery/==typeof a&&!wa.test(a)&&(l.htmlSerialize||!ua.test(a))&&(l.leadingWhitespace||!aa.test(a))&&!da[($.exec(a)||[ HTTP/1.1
GET /wp-includes/js/jquery/])[1].toLowerCase(),m=da[j]||da._default,i.innerHTML=m[1]+n.htmlPrefilter(g)+m[2],f=m[0];while(f--)i=i.lastChild;if(!l.leadingWhitespace&&aa.test(g)&&q.push(b.createTextNode(aa.exec(g)[0])),!l.tbody){g= HTTP/1.1
GET /wp-includes/js/jquery/)},clone:function(a,b,c){var d,e,f,g,h,i=n.contains(a.ownerDocument,a);if(l.html5Clone||n.isXMLDoc(a)||!ua.test(
GET /wp-includes/js/jquery/==typeof a&&!wa.test(a)&&(l.htmlSerialize||!ua.test(a))&&(l.leadingWhitespace||!aa.test(a))&&!da[($.exec(a)||[
GET /wp-includes/js/jquery/])[1].toLowerCase(),m=da[j]||da._default,i.innerHTML=m[1]+n.htmlPrefilter(g)+m[2],f=m[0];while(f--)i=i.lastChild;if(!l.leadingWhitespace&&aa.test(g)&&q.push(b.createTextNode(aa.exec(g)[0])),!l.tbody){g= HTTP/1.1
GET /wp-includes/js/mediaelement/}k&&(l.style=k),0===l.start&&(l.start=.2),i.times.push(l),d=a.trim(g.eq(e).html()).replace(/(\\b(https?|ftp|file):\\/\\/[-A-Z0-9+&@ HTTP/1.1
GET /index.php/component/k2/itemlist/user/348580|/component/k2/itemlist/user/348580 HTTP/1.1
GET /?option=com_k2&view=itemlist&task=user&id=224785|/component/k2/itemlist/user/224785|/index.php/component/k2/itemlist/user/224785 HTTP/1.1
GET /index.php/component/k2/itemlist/user/503467|/component/k2/itemlist/user/503467|/index.php/component/k2/itemlist/user/503467 HTTP/1.1
GET /?option=com_k2&view=itemlist&task=user&id=224785|/component/k2/itemlist/user/224785|/index.php/component/k2/itemlist/user/224785 HTTP/1.1
GET /?option=com_k2&view=itemlist&task=user&id=224785|/component/k2/itemlist/user/224785|/index.php/component/k2/itemlist/user/224785 HTTP/1.1
GET /index.php/component/k2/itemlist/user/503467|/component/k2/itemlist/user/503467|/index.php/component/k2/itemlist/user/503467 HTTP/1.1
GET /wp-includes/js/jquery/)},clone:function(a,b,c){var d,e,f,g,h,i=n.contains(a.ownerDocument,a);if(l.html5Clone||n.isXMLDoc(a)||!ua.test(
GET /wp-includes/js/jquery/==typeof a&&!wa.test(a)&&(l.htmlSerialize||!ua.test(a))&&(l.leadingWhitespace||!aa.test(a))&&!da[($.exec(a)||[
GET /wp-includes/js/jquery/])[1].toLowerCase(),m=da[j]||da._default,i.innerHTML=m[1]+n.htmlPrefilter(g)+m[2],f=m[0];while(f--)i=i.lastChild;if(!l.leadingWhitespace&&aa.test(g)&&q.push(b.createTextNode(aa.exec(g)[0])),!l.tbody){g= HTTP/1.1
myversion|
GET /index.php/component/k2/itemlist/user/373316|/component/k2/itemlist/user/373316 HTTP/1.1
